20241002 21:20:22 - Log started for student with ID: 16|2023-11-15 and JOINING_DATE: 
20241002 21:20:22 - Executing Flask commands
20241002 21:20:22 - Executing:
20241002 21:20:22 -     'flask list'
20241002 21:20:22 - Executed 'flask list' successfully
20241002 21:20:22 - Executing:
20241002 21:20:22 -     'flask list'
20241002 21:20:22 - Executed 'flask list' successfully
20241002 21:20:22 - Script completed successfully.
20241002 21:20:58 - Log started for student with ID: 16|2023-11-15 and JOINING_DATE: 
20241002 21:20:58 - Executing Flask commands
20241002 21:20:58 - Executing:
20241002 21:20:58 -     'flask list'
20241002 21:20:58 - Executed 'flask list' successfully
20241002 21:20:58 - Executing:
20241002 21:20:58 -     'flask list'
20241002 21:20:58 - Executed 'flask list' successfully
20241002 21:20:58 - Script completed successfully.
20241002 21:22:56 - Log started for student with ID: 16|2023-11-15 and JOINING_DATE: 
20241002 21:22:56 - Executing Flask commands
20241002 21:22:56 - Executing:
20241002 21:22:56 -     'flask list'
20241002 21:22:56 - Executed 'flask list' successfully
20241002 21:22:56 - Executing:
20241002 21:22:56 -     'flask list'
20241002 21:22:56 - Executed 'flask list' successfully
20241002 21:22:56 - Script completed successfully.
20241002 21:26:06 - Log started for student with ID: 16|2023-11-15 and JOINING_DATE: 
20241002 21:26:06 - Executing Flask commands
20241002 21:26:06 - Executing:
20241002 21:26:06 -     'flask list'
20241002 21:26:06 - Executed 'flask list' successfully
20241002 21:26:06 - Executing:
20241002 21:26:06 -     'flask list'
20241002 21:26:06 - Executed 'flask list' successfully
20241002 21:26:06 - Script completed successfully.
20241002 21:32:24 - 
20241002 21:32:56 - 
